#
# There is insufficient memory for the Java Runtime Environment to continue.
# Native memory allocation (malloc) failed to allocate 4092 bytes for AllocateHeap
# Possible reasons:
#   The system is out of physical RAM or swap space
#   In 32 bit mode, the process size limit was hit
# Possible solutions:
#   Reduce memory load on the system
#   Increase physical memory or swap space
#   Check if swap backing store is full
#   Use 64 bit Java on a 64 bit OS
#   Decrease Java heap size (-Xmx/-Xms)
#   Decrease number of Java threads
#   Decrease Java thread stack sizes (-Xss)
#   Set larger code cache with -XX:ReservedCodeCacheSize=
# This output file may be truncated or incomplete.
#
#  Out of Memory Error (memory/allocation.inline.hpp:61), pid=27580, tid=0x00008a4c
#
# JRE version: Java(TM) SE Runtime Environment (8.0_191-b12) (build 1.8.0_191-b12)
# Java VM: Java HotSpot(TM) Client VM (25.191-b12 mixed mode windows-x86 )
# Failed to write core dump. Minidumps are not enabled by default on client versions of Windows
#

---------------  T H R E A D  ---------------

Current thread (0x25eb0400):  VMThread [stack: 0x260b0000,0x26100000] [id=35404]

Stack: [0x260b0000,0x26100000],  sp=0x260fec90,  free space=315k
Native frames: (J=compiled Java code, j=interpreted, Vv=VM code, C=native code)
V  [jvm.dll+0x1acfeb]
V  [jvm.dll+0x1a56c8]
V  [jvm.dll+0x256fcd]
V  [jvm.dll+0xca39f]
V  [jvm.dll+0xbff3b]
V  [jvm.dll+0xd4828]
V  [jvm.dll+0xd499d]
V  [jvm.dll+0x1b85c1]
V  [jvm.dll+0x1b87bc]
V  [jvm.dll+0x17c3a3]
V  [jvm.dll+0x17aeca]
V  [jvm.dll+0x99970]
V  [jvm.dll+0x9ac61]
V  [jvm.dll+0x9ca50]
V  [jvm.dll+0x9ceb9]
V  [jvm.dll+0x9bc4f]
V  [jvm.dll+0xa8042]
V  [jvm.dll+0x9a833]
V  [jvm.dll+0x94815]
V  [jvm.dll+0x1bb9e6]
V  [jvm.dll+0x184e0b]
V  [jvm.dll+0x184221]
V  [jvm.dll+0x184637]
V  [jvm.dll+0x184832]
V  [jvm.dll+0x1c57a6]
C  [msvcr100.dll+0x5c556]
C  [msvcr100.dll+0x5c600]
C  [KERNEL32.DLL+0x17ba9]
C  [ntdll.dll+0x6bd2b]
C  [ntdll.dll+0x6bcaf]

VM_Operation (0x2b41f0d8): GenCollectForAllocation, mode: safepoint, requested by thread 0x28f30c00


---------------  P R O C E S S  ---------------

Java Threads: ( => current thread )
  0x28f2e800 JavaThread "Keep-Alive-Timer" daemon [_thread_blocked, id=6416, stack(0x02cb0000,0x02d00000)]
  0x28f2b400 JavaThread "DestroyJavaVM" [_thread_blocked, id=34804, stack(0x026e0000,0x02730000)]
  0x28f30c00 JavaThread "Timer-0" [_thread_blocked, id=1992, stack(0x2b3d0000,0x2b420000)]
  0x28f2d400 JavaThread "TimerQueue" daemon [_thread_blocked, id=21116, stack(0x2b1b0000,0x2b200000)]
  0x25f73000 JavaThread "Batik CleanerThread" daemon [_thread_blocked, id=12324, stack(0x29aa0000,0x29af0000)]
  0x25f74400 JavaThread "AWT-EventQueue-0" [_thread_blocked, id=5552, stack(0x297c0000,0x29810000)]
  0x25f73c00 JavaThread "AWT-Shutdown" [_thread_blocked, id=33752, stack(0x29370000,0x293c0000)]
  0x289fe800 JavaThread "JmDNS(10-207-72-54.local.).State.Timer" [_thread_blocked, id=33832, stack(0x295a0000,0x295f0000)]
  0x289fe000 JavaThread "JmDNS(10-207-72-54.local.).Timer" daemon [_thread_blocked, id=39356, stack(0x29510000,0x29560000)]
  0x289fdc00 JavaThread "SocketListener(10-207-72-54.local.)" daemon [_thread_in_native, id=36736, stack(0x27040000,0x27090000)]
  0x28904400 JavaThread "Multihomed mDNS.Timer" daemon [_thread_blocked, id=22024, stack(0x29240000,0x29290000)]
  0x28905000 JavaThread "cc.arduino.packages.discoverers.serial.SerialDiscovery" [_thread_blocked, id=39708, stack(0x02b70000,0x02bc0000)]
  0x26852000 JavaThread "AWT-Windows" daemon [_thread_in_native, id=28340, stack(0x270d0000,0x27120000)]
  0x26851000 JavaThread "Java2D Disposer" daemon [_thread_blocked, id=37036, stack(0x26fb0000,0x27000000)]
  0x25ee9800 JavaThread "Service Thread" daemon [_thread_blocked, id=14380, stack(0x264d0000,0x26520000)]
  0x25ee1000 JavaThread "C1 CompilerThread0" daemon [_thread_blocked, id=28200, stack(0x26440000,0x26490000)]
  0x25edf400 JavaThread "Attach Listener" daemon [_thread_blocked, id=2012, stack(0x263b0000,0x26400000)]
  0x25edd400 JavaThread "Signal Dispatcher" daemon [_thread_blocked, id=25336, stack(0x26320000,0x26370000)]
  0x25ecbc00 JavaThread "Finalizer" daemon [_thread_blocked, id=37968, stack(0x26190000,0x261e0000)]
  0x25ec5c00 JavaThread "Reference Handler" daemon [_thread_blocked, id=19028, stack(0x26100000,0x26150000)]

Other Threads:
=>0x25eb0400 VMThread [stack: 0x260b0000,0x26100000] [id=35404]
  0x25eec800 WatcherThread [stack: 0x26560000,0x265b0000] [id=30180]

VM state:at safepoint (normal execution)

VM Mutex/Monitor currently owned by a thread:  ([mutex/lock_event])
[0x0279d948] Threads_lock - owner thread: 0x25eb0400
[0x0279dc88] Heap_lock - owner thread: 0x28f30c00

Heap:
 def new generation   total 58368K, used 32680K [0x04e00000, 0x08d50000, 0x0f8a0000)
  eden space 51904K,  61% used [0x04e00000, 0x06d58010, 0x080b0000)
  from space 6464K,   9% used [0x08700000, 0x08792248, 0x08d50000)
  to   space 6464K,  13% used [0x080b0000, 0x08184150, 0x08700000)
 tenured generation   total 129568K, used 106784K [0x0f8a0000, 0x17728000, 0x24e00000)
   the space 129568K,  82% used [0x0f8a0000, 0x160e80c8, 0x160e8200, 0x17728000)
 Metaspace       used 20766K, capacity 21266K, committed 21376K, reserved 22912K

Card table byte_map: [0x24e00000,0x24f10000] byte_map_base: 0x24dd9000

Polling page: 0x01060000

CodeCache: size=32768Kb used=3490Kb max_used=3490Kb free=29277Kb
 bounds [0x02d10000, 0x03080000, 0x04d10000]
 total_blobs=2228 nmethods=1952 adapters=206
 compilation: enabled

Compilation events (10 events):
Event: 63.562 Thread 0x25ee1000 2019             java.util.zip.CRC32::update (51 bytes)
Event: 63.563 Thread 0x25ee1000 nmethod 2019 0x03078fc8 code [0x030790e0, 0x03079278]
Event: 63.577 Thread 0x25ee1000 2020             java.io.FileInputStream::read (8 bytes)
Event: 63.577 Thread 0x25ee1000 nmethod 2020 0x03079388 code [0x03079480, 0x0307951c]
Event: 63.746 Thread 0x25ee1000 2021             org.bouncycastle.crypto.digests.SHA1Digest::reset (64 bytes)
Event: 63.747 Thread 0x25ee1000 nmethod 2021 0x03079588 code [0x03079690, 0x030797b0]
Event: 63.747 Thread 0x25ee1000 2022             org.bouncycastle.crypto.digests.SHA1Digest::processWord (83 bytes)
Event: 63.747 Thread 0x25ee1000 nmethod 2022 0x030798c8 code [0x030799d0, 0x03079afc]
Event: 63.759 Thread 0x25ee1000 2023             java.io.FileInputStream::read (9 bytes)
Event: 63.760 Thread 0x25ee1000 nmethod 2023 0x03079c48 code [0x03079d50, 0x03079dec]

GC Heap History (10 events):
Event: 1.465 GC heap after
Heap after GC invocations=5 (full 0):
 def new generation   total 39296K, used 4352K [0x04e00000, 0x078a0000, 0x0f8a0000)
  eden space 34944K,   0% used [0x04e00000, 0x04e00000, 0x07020000)
  from space 4352K, 100% used [0x07460000, 0x078a0000, 0x078a0000)
  to   space 4352K,   0% used [0x07020000, 0x07020000, 0x07460000)
 tenured generation   total 87424K, used 72866K [0x0f8a0000, 0x14e00000, 0x24e00000)
   the space 87424K,  83% used [0x0f8a0000, 0x13fc8830, 0x13fc8a00, 0x14e00000)
 Metaspace       used 11815K, capacity 12063K, committed 12160K, reserved 12672K
}
Event: 1.540 GC heap before
{Heap before GC invocations=5 (full 0):
 def new generation   total 39296K, used 9734K [0x04e00000, 0x078a0000, 0x0f8a0000)
  eden space 34944K,  15% used [0x04e00000, 0x05341b38, 0x07020000)
  from space 4352K, 100% used [0x07460000, 0x078a0000, 0x078a0000)
  to   space 4352K,   0% used [0x07020000, 0x07020000, 0x07460000)
 tenured generation   total 87424K, used 72866K [0x0f8a0000, 0x14e00000, 0x24e00000)
   the space 87424K,  83% used [0x0f8a0000, 0x13fc8830, 0x13fc8a00, 0x14e00000)
 Metaspace       used 12015K, capacity 12270K, committed 12288K, reserved 12672K
Event: 1.624 GC heap after
Heap after GC invocations=6 (full 1):
 def new generation   total 58368K, used 0K [0x04e00000, 0x08d50000, 0x0f8a0000)
  eden space 51904K,   0% used [0x04e00000, 0x04e00000, 0x080b0000)
  from space 6464K,   0% used [0x080b0000, 0x080b0000, 0x08700000)
  to   space 6464K,   0% used [0x08700000, 0x08700000, 0x08d50000)
 tenured generation   total 129568K, used 77739K [0x0f8a0000, 0x17728000, 0x24e00000)
   the space 129568K,  59% used [0x0f8a0000, 0x1448ac18, 0x1448ae00, 0x17728000)
 Metaspace       used 12015K, capacity 12270K, committed 12288K, reserved 12672K
}
Event: 3.017 GC heap before
{Heap before GC invocations=6 (full 1):
 def new generation   total 58368K, used 49128K [0x04e00000, 0x08d50000, 0x0f8a0000)
  eden space 51904K,  94% used [0x04e00000, 0x07dfa030, 0x080b0000)
  from space 6464K,   0% used [0x080b0000, 0x080b0000, 0x08700000)
  to   space 6464K,   0% used [0x08700000, 0x08700000, 0x08d50000)
 tenured generation   total 129568K, used 77739K [0x0f8a0000, 0x17728000, 0x24e00000)
   the space 129568K,  59% used [0x0f8a0000, 0x1448ac18, 0x1448ae00, 0x17728000)
 Metaspace       used 18430K, capacity 18902K, committed 18944K, reserved 19840K
Event: 3.037 GC heap after
Heap after GC invocations=7 (full 1):
 def new generation   total 58368K, used 6464K [0x04e00000, 0x08d50000, 0x0f8a0000)
  eden space 51904K,   0% used [0x04e00000, 0x04e00000, 0x080b0000)
  from space 6464K, 100% used [0x08700000, 0x08d50000, 0x08d50000)
  to   space 6464K,   0% used [0x080b0000, 0x080b0000, 0x08700000)
 tenured generation   total 129568K, used 79475K [0x0f8a0000, 0x17728000, 0x24e00000)
   the space 129568K,  61% used [0x0f8a0000, 0x1463cf60, 0x1463d000, 0x17728000)
 Metaspace       used 18430K, capacity 18902K, committed 18944K, reserved 19840K
}
Event: 62.924 GC heap before
{Heap before GC invocations=7 (full 1):
 def new generation   total 58368K, used 34470K [0x04e00000, 0x08d50000, 0x0f8a0000)
  eden space 51904K,  53% used [0x04e00000, 0x06959980, 0x080b0000)
  from space 6464K, 100% used [0x08700000, 0x08d50000, 0x08d50000)
  to   space 6464K,   0% used [0x080b0000, 0x080b0000, 0x08700000)
 tenured generation   total 129568K, used 79475K [0x0f8a0000, 0x17728000, 0x24e00000)
   the space 129568K,  61% used [0x0f8a0000, 0x1463cf60, 0x1463d000, 0x17728000)
 Metaspace       used 20000K, capacity 20438K, committed 20480K, reserved 20864K
Event: 63.202 GC heap after
Heap after GC invocations=8 (full 2):
 def new generation   total 58368K, used 0K [0x04e00000, 0x08d50000, 0x0f8a0000)
  eden space 51904K,   0% used [0x04e00000, 0x04e00000, 0x080b0000)
  from space 6464K,   0% used [0x08700000, 0x08700000, 0x08d50000)
  to   space 6464K,   0% used [0x080b0000, 0x080b0000, 0x08700000)
 tenured generation   total 129568K, used 90736K [0x0f8a0000, 0x17728000, 0x24e00000)
   the space 129568K,  70% used [0x0f8a0000, 0x1513c0b8, 0x1513c200, 0x17728000)
 Metaspace       used 20000K, capacity 20438K, committed 20480K, reserved 20864K
}
Event: 63.803 GC heap before
{Heap before GC invocations=8 (full 2):
 def new generation   total 58368K, used 39206K [0x04e00000, 0x08d50000, 0x0f8a0000)
  eden space 51904K,  75% used [0x04e00000, 0x07449860, 0x080b0000)
  from space 6464K,   0% used [0x08700000, 0x08700000, 0x08d50000)
  to   space 6464K,   0% used [0x080b0000, 0x080b0000, 0x08700000)
 tenured generation   total 129568K, used 90736K [0x0f8a0000, 0x17728000, 0x24e00000)
   the space 129568K,  70% used [0x0f8a0000, 0x1513c0b8, 0x1513c200, 0x17728000)
 Metaspace       used 20766K, capacity 21266K, committed 21376K, reserved 22912K
Event: 63.813 GC heap after
Heap after GC invocations=9 (full 2):
 def new generation   total 58368K, used 848K [0x04e00000, 0x08d50000, 0x0f8a0000)
  eden space 51904K,   0% used [0x04e00000, 0x04e00000, 0x080b0000)
  from space 6464K,  13% used [0x080b0000, 0x08184150, 0x08700000)
  to   space 6464K,   0% used [0x08700000, 0x08700000, 0x08d50000)
 tenured generation   total 129568K, used 106784K [0x0f8a0000, 0x17728000, 0x24e00000)
   the space 129568K,  82% used [0x0f8a0000, 0x160e80c8, 0x160e8200, 0x17728000)
 Metaspace       used 20766K, capacity 21266K, committed 21376K, reserved 22912K
}
Event: 63.837 GC heap before
{Heap before GC invocations=9 (full 2):
 def new generation   total 58368K, used 32944K [0x04e00000, 0x08d50000, 0x0f8a0000)
  eden space 51904K,  61% used [0x04e00000, 0x06d58010, 0x080b0000)
  from space 6464K,  13% used [0x080b0000, 0x08184150, 0x08700000)
  to   space 6464K,   0% used [0x08700000, 0x08700000, 0x08d50000)
 tenured generation   total 129568K, used 106784K [0x0f8a0000, 0x17728000, 0x24e00000)
   the space 129568K,  82% used [0x0f8a0000, 0x160e80c8, 0x160e8200, 0x17728000)
 Metaspace       used 20766K, capacity 21266K, committed 21376K, reserved 22912K

Deoptimization events (0 events):
No events

Classes redefined (0 events):
No events

Internal exceptions (10 events):
Event: 63.207 Thread 0x28f30c00 Exception <a 'java/lang/ArrayIndexOutOfBoundsException'> (0x04e7dc18) thrown at [C:\workspace\8-2-build-windows-i586-cygwin\jdk8u191\11896\hotspot\src\share\vm\runtime\sharedRuntime.cpp, line 605]
Event: 63.207 Thread 0x28f30c00 Exception <a 'java/lang/ArrayIndexOutOfBoundsException'> (0x04e85558) thrown at [C:\workspace\8-2-build-windows-i586-cygwin\jdk8u191\11896\hotspot\src\share\vm\runtime\sharedRuntime.cpp, line 605]
Event: 63.209 Thread 0x28f30c00 Exception <a 'java/lang/ArrayIndexOutOfBoundsException'> (0x04ebb740) thrown at [C:\workspace\8-2-build-windows-i586-cygwin\jdk8u191\11896\hotspot\src\share\vm\runtime\sharedRuntime.cpp, line 605]
Event: 63.221 Thread 0x28f30c00 Exception <a 'java/lang/NoSuchMethodError': java.lang.Object.lambda$identity$2(Ljava/lang/Object;)Ljava/lang/Object;> (0x04ee4d38) thrown at [C:\workspace\8-2-build-windows-i586-cygwin\jdk8u191\11896\hotspot\src\share\vm\interpreter\linkResolver.cpp, line
Event: 63.328 Thread 0x28f30c00 Exception <a 'java/lang/ArrayIndexOutOfBoundsException'> (0x0509c510) thrown at [C:\workspace\8-2-build-windows-i586-cygwin\jdk8u191\11896\hotspot\src\share\vm\runtime\sharedRuntime.cpp, line 605]
Event: 63.329 Thread 0x28f30c00 Exception <a 'java/lang/ArrayIndexOutOfBoundsException'> (0x0509df90) thrown at [C:\workspace\8-2-build-windows-i586-cygwin\jdk8u191\11896\hotspot\src\share\vm\runtime\sharedRuntime.cpp, line 605]
Event: 63.341 Thread 0x28f30c00 Exception <a 'sun/nio/fs/WindowsException'> (0x050b5af0) thrown at [C:\workspace\8-2-build-windows-i586-cygwin\jdk8u191\11896\hotspot\src\share\vm\prims\jni.cpp, line 709]
Event: 63.431 Thread 0x28f30c00 Exception <a 'sun/nio/fs/WindowsException'> (0x051d1c28) thrown at [C:\workspace\8-2-build-windows-i586-cygwin\jdk8u191\11896\hotspot\src\share\vm\prims\jni.cpp, line 709]
Event: 63.476 Thread 0x28f30c00 Exception <a 'sun/nio/fs/WindowsException'> (0x0520cc90) thrown at [C:\workspace\8-2-build-windows-i586-cygwin\jdk8u191\11896\hotspot\src\share\vm\prims\jni.cpp, line 709]
Event: 63.478 Thread 0x28f30c00 Exception <a 'sun/nio/fs/WindowsException'> (0x0520d578) thrown at [C:\workspace\8-2-build-windows-i586-cygwin\jdk8u191\11896\hotspot\src\share\vm\prims\jni.cpp, line 709]

Events (10 events):
Event: 63.826 Executing VM operation: RevokeBias done
Event: 63.826 Executing VM operation: RevokeBias
Event: 63.826 Executing VM operation: RevokeBias done
Event: 63.826 Executing VM operation: RevokeBias
Event: 63.826 Executing VM operation: RevokeBias done
Event: 63.826 Executing VM operation: RevokeBias
Event: 63.826 Executing VM operation: RevokeBias done
Event: 63.826 Executing VM operation: BulkRevokeBias
Event: 63.826 Executing VM operation: BulkRevokeBias done
Event: 63.837 Executing VM operation: GenCollectForAllocation


Dynamic libraries:
0x009e0000 - 0x00a13000 	C:\Program Files (x86)\Arduino\java\bin\javaw.exe
0x775e0000 - 0x77791000 	C:\Windows\SYSTEM32\ntdll.dll
0x77000000 - 0x770f0000 	C:\Windows\System32\KERNEL32.DLL
0x76100000 - 0x76374000 	C:\Windows\System32\KERNELBASE.dll
0x75ea0000 - 0x75f1d000 	C:\Windows\System32\ADVAPI32.dll
0x76da0000 - 0x76e64000 	C:\Windows\System32\msvcrt.dll
0x769b0000 - 0x76a34000 	C:\Windows\System32\sechost.dll
0x75900000 - 0x759ba000 	C:\Windows\System32\RPCRT4.dll
0x76ac0000 - 0x76c68000 	C:\Windows\System32\USER32.dll
0x775b0000 - 0x775ca000 	C:\Windows\System32\win32u.dll
0x76d70000 - 0x76d93000 	C:\Windows\System32\GDI32.dll
0x76010000 - 0x760f2000 	C:\Windows\System32\gdi32full.dll
0x76a40000 - 0x76ab9000 	C:\Windows\System32\msvcp_win.dll
0x772b0000 - 0x773c2000 	C:\Windows\System32\ucrtbase.dll
0x6fe60000 - 0x70088000 	C:\Windows\WinSxS\x86_microsoft.windows.common-controls_6595b64144ccf1df_6.0.22621.2506_none_6eb991c088050a06\COMCTL32.dll
0x77180000 - 0x771a5000 	C:\Windows\System32\IMM32.DLL
0x6ec30000 - 0x6ec59000 	C:\Windows\SYSTEM32\ntmarta.dll
0x6fd90000 - 0x6fdb6000 	C:\Windows\SYSTEM32\SspiCli.dll
0x612a0000 - 0x6135f000 	C:\Program Files (x86)\Arduino\java\bin\msvcr100.dll
0x60ec0000 - 0x61293000 	C:\Program Files (x86)\Arduino\java\bin\client\jvm.dll
0x76560000 - 0x76566000 	C:\Windows\System32\PSAPI.DLL
0x6fc70000 - 0x6fc78000 	C:\Windows\SYSTEM32\WSOCK32.dll
0x773d0000 - 0x7742f000 	C:\Windows\System32\WS2_32.dll
0x6fa60000 - 0x6fa91000 	C:\Windows\SYSTEM32\WINMM.dll
0x72f10000 - 0x72f18000 	C:\Windows\SYSTEM32\VERSION.dll
0x6b130000 - 0x6b160000 	C:\Program Files (x86)\Arduino\java\bin\splashscreen.dll
0x6e2b0000 - 0x6e2bc000 	C:\Program Files (x86)\Arduino\java\bin\verify.dll
0x6fc80000 - 0x6fcff000 	C:\Windows\system32\uxtheme.dll
0x75b80000 - 0x75dfd000 	C:\Windows\System32\combase.dll
0x654b0000 - 0x654d2000 	C:\Program Files (x86)\Arduino\java\bin\java.dll
0x76c70000 - 0x76d6b000 	C:\Windows\System32\MSCTF.dll
0x6e270000 - 0x6e284000 	C:\Program Files (x86)\Arduino\java\bin\zip.dll
0x73f70000 - 0x73f83000 	C:\Windows\SYSTEM32\kernel.appcore.dll
0x771b0000 - 0x77212000 	C:\Windows\System32\bcryptPrimitives.dll
0x6c6d0000 - 0x6c7c9000 	C:\Windows\SYSTEM32\textinputframework.dll
0x75f70000 - 0x7600c000 	C:\Windows\System32\OLEAUT32.dll
0x652c0000 - 0x6538d000 	C:\Windows\SYSTEM32\CoreMessaging.dll
0x549d0000 - 0x54c61000 	C:\Windows\SYSTEM32\CoreUIComponents.dll
0x737b0000 - 0x73877000 	C:\Windows\SYSTEM32\wintypes.dll
0x70c90000 - 0x70c9b000 	C:\Windows\SYSTEM32\CRYPTBASE.DLL
0x75260000 - 0x758f6000 	C:\Windows\System32\SHELL32.dll
0x73880000 - 0x73f6a000 	C:\Windows\SYSTEM32\windows.storage.dll
0x76f30000 - 0x76ff1000 	C:\Windows\System32\SHCORE.dll
0x75f20000 - 0x75f6b000 	C:\Windows\System32\shlwapi.dll
0x73720000 - 0x7373d000 	C:\Windows\SYSTEM32\profapi.dll
0x6fc10000 - 0x6fc64000 	C:\Windows\system32\Oleacc.dll
0x61940000 - 0x619b3000 	C:\Program Files (x86)\Arduino\lib\listSerialsj.dll
0x76570000 - 0x769ad000 	C:\Windows\System32\SETUPAPI.dll
0x741e0000 - 0x7421d000 	C:\Windows\SYSTEM32\cfgmgr32.DLL
0x6e230000 - 0x6e24d000 	C:\Program Files (x86)\Arduino\lib\jnidispatch-4.2.2-win32-x86.dll
0x6b320000 - 0x6b66c000 	C:\Windows\SYSTEM32\uiautomationcore.dll
0x77220000 - 0x772a2000 	C:\Windows\System32\clbcatq.dll
0x65390000 - 0x653a1000 	C:\Windows\System32\threadpoolwinrt.dll
0x759c0000 - 0x75b10000 	C:\Windows\System32\Ole32.dll
0x652a0000 - 0x652b5000 	C:\Program Files (x86)\Arduino\java\bin\net.dll
0x74240000 - 0x74291000 	C:\Windows\system32\mswsock.dll
0x6e2a0000 - 0x6e2af000 	C:\Program Files (x86)\Arduino\java\bin\nio.dll
0x60d70000 - 0x60eb7000 	C:\Program Files (x86)\Arduino\java\bin\awt.dll
0x6b080000 - 0x6b126000 	C:\Windows\SYSTEM32\apphelp.dll
0x6e990000 - 0x6e9b4000 	C:\Windows\system32\DWMAPI.DLL
0x60d30000 - 0x60d69000 	C:\Program Files (x86)\Arduino\java\bin\fontmanager.dll
0x60c50000 - 0x60d30000 	C:\Windows\system32\opengl32.dll
0x60c00000 - 0x60c42000 	C:\Windows\SYSTEM32\GLU32.dll
0x6baa0000 - 0x6bacd000 	C:\Windows\SYSTEM32\dxcore.dll
0x60bc0000 - 0x60bf2000 	C:\Program Files (x86)\Arduino\java\bin\t2k.dll
0x6ee90000 - 0x6eeb4000 	C:\Windows\SYSTEM32\DEVOBJ.dll
0x76380000 - 0x763d9000 	C:\Windows\System32\WINTRUST.dll
0x76450000 - 0x76553000 	C:\Windows\System32\CRYPT32.dll
0x72ef0000 - 0x72efe000 	C:\Windows\SYSTEM32\MSASN1.dll
0x748f0000 - 0x74914000 	C:\Windows\SYSTEM32\IPHLPAPI.DLL
0x77430000 - 0x77437000 	C:\Windows\System32\NSI.dll
0x6f1b0000 - 0x6f1c6000 	C:\Windows\SYSTEM32\dhcpcsvc6.DLL
0x6f190000 - 0x6f1a7000 	C:\Windows\SYSTEM32\dhcpcsvc.DLL
0x6f0d0000 - 0x6f18c000 	C:\Windows\SYSTEM32\DNSAPI.dll
0x6eee0000 - 0x6eef2000 	C:\Windows\system32\napinsp.dll
0x6eec0000 - 0x6eed6000 	C:\Windows\system32\pnrpnsp.dll
0x6ef50000 - 0x6ef5e000 	C:\Windows\System32\winrnr.dll
0x6ee70000 - 0x6ee81000 	C:\Windows\system32\wshbth.dll
0x6eda0000 - 0x6edb8000 	C:\Windows\system32\nlansp_c.dll
0x6eb40000 - 0x6eb48000 	C:\Windows\System32\rasadhlp.dll
0x60b50000 - 0x60bb9000 	C:\Program Files (x86)\Arduino\msvcp100.dll
0x60a90000 - 0x60b4e000 	C:\Program Files (x86)\Arduino\msvcr100.dll
0x29810000 - 0x29842000 	C:\Program Files (x86)\Arduino\lib\AStylej.dll
0x61380000 - 0x613a4000 	C:\Program Files (x86)\Arduino\java\bin\dcpr.dll
0x5ac50000 - 0x5adb0000 	C:\Windows\SYSTEM32\WindowsCodecs.dll
0x6c000000 - 0x6c04c000 	C:\Windows\system32\dataexchange.dll
0x6be10000 - 0x6bffb000 	C:\Windows\system32\twinapi.appcore.dll
0x60a70000 - 0x60a90000 	C:\Program Files (x86)\Arduino\java\bin\sunec.dll
0x70cd0000 - 0x70ce5000 	C:\Windows\SYSTEM32\CRYPTSP.dll
0x70ca0000 - 0x70cd0000 	C:\Windows\system32\rsaenh.dll
0x742b0000 - 0x742d4000 	C:\Windows\SYSTEM32\USERENV.dll
0x74f90000 - 0x74faa000 	C:\Windows\SYSTEM32\bcrypt.dll
0x6d440000 - 0x6d449000 	C:\Program Files (x86)\Arduino\java\bin\sunmscapi.dll
0x742e0000 - 0x7433d000 	C:\Windows\System32\fwpuclnt.dll
0x61400000 - 0x61458000 	C:\Windows\system32\Ninput.dll
0x73fc0000 - 0x74196000 	C:\Windows\SYSTEM32\dbghelp.dll

VM Arguments:
jvm_args: -Dsun.java2d.d3d=false -Djna.nosys=true -Djna.nounpack=true -Djna.boot.library.name=jnidispatch-4.2.2-win32-x86 -Djna.boot.library.path=C:\Program Files (x86)\Arduino/lib -Djssc.library.path=C:\Program Files (x86)\Arduino/lib -DAPP_DIR=C:\Program Files (x86)\Arduino -Xms128M -Xmx512M -Dfile.encoding=UTF8 -Djava.net.preferIPv4Stack=true 
java_command: processing.app.Base F:\CBS\Fundamental Design Tools\ServoDialClass\ServoDialClass.ino
java_class_path (initial): C:\Program Files (x86)\Arduino\lib\apple.jar;C:\Program Files (x86)\Arduino\lib\arduino-core.jar;C:\Program Files (x86)\Arduino\lib\batik-1.8.jar;C:\Program Files (x86)\Arduino\lib\batik-anim-1.8.jar;C:\Program Files (x86)\Arduino\lib\batik-awt-util-1.8.jar;C:\Program Files (x86)\Arduino\lib\batik-bridge-1.8.jar;C:\Program Files (x86)\Arduino\lib\batik-codec-1.8.jar;C:\Program Files (x86)\Arduino\lib\batik-css-1.8.jar;C:\Program Files (x86)\Arduino\lib\batik-dom-1.8.jar;C:\Program Files (x86)\Arduino\lib\batik-ext-1.8.jar;C:\Program Files (x86)\Arduino\lib\batik-gvt-1.8.jar;C:\Program Files (x86)\Arduino\lib\batik-parser-1.8.jar;C:\Program Files (x86)\Arduino\lib\batik-rasterizer-1.8.jar;C:\Program Files (x86)\Arduino\lib\batik-script-1.8.jar;C:\Program Files (x86)\Arduino\lib\batik-squiggle-1.8.jar;C:\Program Files (x86)\Arduino\lib\batik-svg-dom-1.8.jar;C:\Program Files (x86)\Arduino\lib\batik-svgpp-1.8.jar;C:\Program Files (x86)\Arduino\lib\batik-transcoder-1.8.jar;C:\Program Files (x86)\Arduino\lib\batik-util-1.8.jar;C:\Program Files (x86)\Arduino\lib\batik-xml-1.8.jar;C:\Program Files (x86)\Arduino\lib\bcpg-jdk15on-152.jar;C:\Program Files (x86)\Arduino\lib\bcprov-jdk15on-152.jar;C:\Program Files (x86)\Arduino\lib\commons-codec-1.7.jar;C:\Program Files (x86)\Arduino\lib\commons-compress-1.8.jar;C:\Program Files (x86)\Arduino\lib\commons-exec-1.1.jar;C:\Program Files (x86)\Arduino\lib\commons-httpclient-3.1.jar;C:\Program Files (x86)\Arduino\lib\commons-lang3-3.8.1.jar;C:\Program Files (x86)\Arduino\lib\commons-logging-1.0.4.jar;C:\Program Files (x86)\Arduino\lib\commons-net-3.3.jar;C:\Program Files (x86)\Arduino\lib\commons-io-2.6.jar;C:\Program Files (x86)\Arduino\lib\jackson-annotations-2.9.5.jar;C:\Program Files (x86)\Arduino\lib\jackson-core-2.9.5.jar;C:\Program Files (x86)\Arduino\lib\jackson-databind-2.9.5.jar;C:\Program Files (x86)\Arduino\lib\java-semver-0.8.0.jar;C:\Program Files (x86)\Arduino\lib\jmdns-3.5.5.jar;C:\Program
Launcher Type: SUN_STANDARD

Environment Variables:
PATH=C:\Windows\system32;C:\Windows;C:\Windows\System32\Wbem;C:\Windows\System32\WindowsPowerShell\v1.0\;C:\Windows\System32\OpenSSH\;C:\Program Files (x86)\PharosSystems\Core;C:\Program Files\Git\cmd;C:\Users\kegan\AppData\Local\Microsoft\WindowsApps;C:\Users\kegan\AppData\Local\Programs\MiKTeX\miktex\bin\x64\;C:\Users\kegan\AppData\Local\Pandoc\;C:\Users\kegan\AppData\Local\Programs\Microsoft VS Code\bin;C:\Program Files (x86)\Arduino\java\bin
USERNAME=kegan
OS=Windows_NT
PROCESSOR_IDENTIFIER=Intel64 Family 6 Model 186 Stepping 3, GenuineIntel



---------------  S Y S T E M  ---------------

OS: Windows 10.0 , 64 bit Build 22621 (10.0.22621.2506)

CPU:total 8 (initial active 8) (4 cores per cpu, 2 threads per core) family 6 model 186 stepping 3, cmov, cx8, fxsr, mmx, sse, sse2, sse3, ssse3, sse4.1, sse4.2, popcnt, avx, avx2, aes, clmul, erms, 3dnowpref, lzcnt, ht, tsc, tscinvbit, bmi1, bmi2, adx

Memory: 4k page, physical 8074104k(200720k free), swap 33239928k(960k free)

vm_info: Java HotSpot(TM) Client VM (25.191-b12) for windows-x86 JRE (1.8.0_191-b12), built on Oct  6 2018 08:34:23 by "java_re" with MS VC++ 10.0 (VS2010)

time: Tue Oct 31 15:41:37 2023
elapsed time: 63 seconds (0d 0h 1m 3s)

